Time slot   0
ld_routine
	Loaded a process at input/proc/p0s, PID: 1 PRIO: 0
Time slot   1
	CPU 1: Dispatched process  1
Time slot   2
	Loaded a process at input/proc/p1s, PID: 2 PRIO: 15
liballoc:178
print_pgtbl:
 PDG=b52fd220b49086f0 P4g=b52fd220b4909700 PUD=b52fd220b490a710 PMD=b52fd220b490b720
Time slot   3
	CPU 0: Dispatched process  2
liballoc:178
print_pgtbl:
 PDG=b52fd220b49086f0 P4g=b52fd220b4909700 PUD=b52fd220b490a710 PMD=b52fd220b490b720
Time slot   4
libfree:218
print_pgtbl:
 PDG=b52fd230b49086f0 P4g=b52fd230b4909700 PUD=b52fd230b490a710 PMD=b52fd230b490b720
	Loaded a process at input/proc/p1s, PID: 3 PRIO: 0
Time slot   5
liballoc:178
print_pgtbl:
 PDG=b52fd220b490ef70 P4g=b52fd220b490ff80 PUD=b52fd220b4910f90 PMD=b52fd220b4911fa0
Time slot   6
libwrite:502
print_pgtbl:
 PDG=b52fd210b490ef70 P4g=b52fd210b490ff80 PUD=b52fd210b4910f90 PMD=b52fd210b4911fa0
	Loaded a process at input/proc/p1s, PID: 4 PRIO: 0
Time slot   7
	CPU 1: Put process  1 to run queue
	CPU 1: Dispatched process  3
Time slot   8
Time slot   9
	CPU 0: Put process  2 to run queue
	CPU 0: Dispatched process  4
Time slot  10
Time slot  11
Time slot  12
Time slot  13
	CPU 1: Put process  3 to run queue
	CPU 1: Dispatched process  1
libread:426
Time slot  14
libwrite:502
print_pgtbl:
 PDG=b52fd210b49157f0 P4g=b52fd210b4916800 PUD=b52fd210b4917810 PMD=b52fd210b4918820
Time slot  15
libread:426
	CPU 0: Put process  4 to run queue
	CPU 0: Dispatched process  3
Time slot  16
libwrite:502
print_pgtbl:
 PDG=b52fd210b49157f0 P4g=b52fd210b4916800 PUD=b52fd210b4917810 PMD=b52fd210b4918820
Time slot  17
libread:426
Time slot  18
Time slot  19
	CPU 1: Put process  1 to run queue
	CPU 1: Dispatched process  4
	CPU 0: Processed  3 has finished
	CPU 0: Dispatched process  1
libfree:218
print_pgtbl:
 PDG=b5afe230b49157f0 P4g=b5afe230b4916800 PUD=b5afe230b4917810 PMD=b5afe230b4918820
Time slot  20
Time slot  21
	CPU 0: Processed  1 has finished
	CPU 0: Dispatched process  2
Time slot  22
Time slot  23
	CPU 1: Processed  4 has finished
	CPU 1 stopped
Time slot  24
Time slot  25
	CPU 0: Processed  2 has finished
	CPU 0 stopped
